{"C:\\Users\\pedro\\Desktop\\React\\tinnova-user-crud\\src\\components\\Spinner\\index.tsx": {"path":"C:\\Users\\pedro\\Desktop\\React\\tinnova-user-crud\\src\\components\\Spinner\\index.tsx","statementMap":{"0":{"start":{"line":5,"column":23},"end":{"line":7,"column":1}},"1":{"start":{"line":6,"column":1},"end":{"line":6,"column":97}},"2":{"start":{"line":5,"column":13},"end":{"line":5,"column":23}}},"fnMap":{"0":{"name":"(anonymous_0)","decl":{"start":{"line":5,"column":23},"end":{"line":5,"column":24}},"loc":{"start":{"line":5,"column":48},"end":{"line":7,"column":1}}}},"branchMap":{},"s":{"0":1,"1":1,"2":1},"f":{"0":1},"b":{}}
,"C:\\Users\\pedro\\Desktop\\React\\tinnova-user-crud\\src\\components\\User\\index.tsx": {"path":"C:\\Users\\pedro\\Desktop\\React\\tinnova-user-crud\\src\\components\\User\\index.tsx","statementMap":{"0":{"start":{"line":2,"column":0},"end":{"line":2,"column":53}},"1":{"start":{"line":3,"column":0},"end":{"line":3,"column":34}},"2":{"start":{"line":4,"column":0},"end":{"line":4,"column":58}},"3":{"start":{"line":5,"column":0},"end":{"line":5,"column":34}},"4":{"start":{"line":6,"column":0},"end":{"line":6,"column":45}},"5":{"start":{"line":12,"column":20},"end":{"line":49,"column":1}},"6":{"start":{"line":13,"column":22},"end":{"line":13,"column":38}},"7":{"start":{"line":15,"column":18},"end":{"line":15,"column":31}},"8":{"start":{"line":17,"column":16},"end":{"line":19,"column":21}},"9":{"start":{"line":18,"column":2},"end":{"line":18,"column":55}},"10":{"start":{"line":21,"column":18},"end":{"line":23,"column":29}},"11":{"start":{"line":22,"column":2},"end":{"line":22,"column":25}},"12":{"start":{"line":25,"column":1},"end":{"line":48,"column":3}},"13":{"start":{"line":12,"column":13},"end":{"line":12,"column":20}}},"fnMap":{"0":{"name":"(anonymous_0)","decl":{"start":{"line":12,"column":20},"end":{"line":12,"column":21}},"loc":{"start":{"line":12,"column":42},"end":{"line":49,"column":1}}},"1":{"name":"(anonymous_1)","decl":{"start":{"line":17,"column":28},"end":{"line":17,"column":31}},"loc":{"start":{"line":17,"column":33},"end":{"line":19,"column":2}}},"2":{"name":"(anonymous_2)","decl":{"start":{"line":21,"column":30},"end":{"line":21,"column":33}},"loc":{"start":{"line":21,"column":35},"end":{"line":23,"column":2}}}},"branchMap":{},"s":{"0":1,"1":1,"2":1,"3":1,"4":1,"5":1,"6":3,"7":3,"8":3,"9":1,"10":3,"11":1,"12":3,"13":1},"f":{"0":3,"1":1,"2":1},"b":{}}
,"C:\\Users\\pedro\\Desktop\\React\\tinnova-user-crud\\src\\helpers\\index.ts": {"path":"C:\\Users\\pedro\\Desktop\\React\\tinnova-user-crud\\src\\helpers\\index.ts","statementMap":{"0":{"start":{"line":1,"column":21},"end":{"line":10,"column":1}},"1":{"start":{"line":2,"column":19},"end":{"line":7,"column":12}},"2":{"start":{"line":4,"column":15},"end":{"line":4,"column":37}},"3":{"start":{"line":5,"column":17},"end":{"line":5,"column":26}},"4":{"start":{"line":6,"column":14},"end":{"line":6,"column":21}},"5":{"start":{"line":9,"column":1},"end":{"line":9,"column":18}},"6":{"start":{"line":29,"column":1},"end":{"line":29,"column":13}},"7":{"start":{"line":12,"column":18},"end":{"line":14,"column":1}},"8":{"start":{"line":13,"column":1},"end":{"line":13,"column":109}},"9":{"start":{"line":30,"column":1},"end":{"line":30,"column":10}},"10":{"start":{"line":16,"column":20},"end":{"line":26,"column":1}},"11":{"start":{"line":18,"column":1},"end":{"line":20,"column":null}},"12":{"start":{"line":19,"column":2},"end":{"line":19,"column":118}},"13":{"start":{"line":22,"column":1},"end":{"line":24,"column":null}},"14":{"start":{"line":23,"column":2},"end":{"line":23,"column":93}},"15":{"start":{"line":25,"column":1},"end":{"line":25,"column":12}},"16":{"start":{"line":31,"column":1},"end":{"line":31,"column":12}}},"fnMap":{"0":{"name":"(anonymous_0)","decl":{"start":{"line":1,"column":21},"end":{"line":1,"column":22}},"loc":{"start":{"line":1,"column":62},"end":{"line":10,"column":1}}},"1":{"name":"(anonymous_1)","decl":{"start":{"line":4,"column":7},"end":{"line":4,"column":10}},"loc":{"start":{"line":4,"column":15},"end":{"line":4,"column":37}}},"2":{"name":"(anonymous_2)","decl":{"start":{"line":5,"column":10},"end":{"line":5,"column":13}},"loc":{"start":{"line":5,"column":17},"end":{"line":5,"column":26}}},"3":{"name":"(anonymous_3)","decl":{"start":{"line":6,"column":7},"end":{"line":6,"column":10}},"loc":{"start":{"line":6,"column":14},"end":{"line":6,"column":21}}},"4":{"name":"(anonymous_4)","decl":{"start":{"line":12,"column":18},"end":{"line":12,"column":19}},"loc":{"start":{"line":12,"column":42},"end":{"line":14,"column":1}}},"5":{"name":"(anonymous_5)","decl":{"start":{"line":16,"column":20},"end":{"line":16,"column":21}},"loc":{"start":{"line":16,"column":44},"end":{"line":26,"column":1}}}},"branchMap":{"0":{"loc":{"start":{"line":18,"column":1},"end":{"line":20,"column":null}},"type":"if","locations":[{"start":{"line":18,"column":1},"end":{"line":20,"column":null}}]},"1":{"loc":{"start":{"line":22,"column":1},"end":{"line":24,"column":null}},"type":"if","locations":[{"start":{"line":22,"column":1},"end":{"line":24,"column":null}}]}},"s":{"0":2,"1":1,"2":3,"3":3,"4":2,"5":1,"6":2,"7":2,"8":4,"9":2,"10":2,"11":5,"12":1,"13":4,"14":1,"15":3,"16":2},"f":{"0":1,"1":3,"2":3,"3":2,"4":4,"5":5},"b":{"0":[1],"1":[1]}}
}
